Building DAG of jobs...
Using shell: /usr/bin/bash
Provided cores: 8
Rules claiming more threads will be scaled down.
Conda environments: ignored
Job stats:
job           count    min threads    max threads
----------  -------  -------------  -------------
all               1              1              1
curvatures        2              1              1
graph_loss        1              1              1
merge             1              1              1
pdfs              8              1              1
perfs            16              1              1
phi               2              1              1
preds            16              1              1
train             4              4              4
total            51              1              4

Select jobs to execute...

[Sun Apr  9 19:55:06 2023]
rule phi:
    input: ../resources/train/pulses/train0.npy, ../resources/train/annots/train0.npy
    output: ../resources/transf/pulses/train0.npy, ../resources/transf/annots/train0.npy
    log: logs/phi/train0.log
    jobid: 6
    reason: Missing output files: ../resources/transf/annots/train0.npy, ../resources/transf/pulses/train0.npy
    wildcards: raw=train0
    resources: tmpdir=/tmp

[Sun Apr  9 19:55:06 2023]
rule curvatures:
    input: ../resources/test/pulses/synth_test_0.npy
    output: ../results/curvature/synth_test_0.npy
    log: logs/curvatures/synth_test_0.log
    jobid: 32
    reason: Missing output files: ../results/curvature/synth_test_0.npy
    wildcards: f=synth_test_0
    resources: tmpdir=/tmp

[Sun Apr  9 19:55:06 2023]
rule phi:
    input: ../resources/train/pulses/train1.npy, ../resources/train/annots/train1.npy
    output: ../resources/transf/pulses/train1.npy, ../resources/transf/annots/train1.npy
    log: logs/phi/train1.log
    jobid: 7
    reason: Missing output files: ../resources/transf/pulses/train1.npy, ../resources/transf/annots/train1.npy
    wildcards: raw=train1
    resources: tmpdir=/tmp

[Sun Apr  9 19:55:06 2023]
rule curvatures:
    input: ../resources/test/pulses/synth_test_1.npy
    output: ../results/curvature/synth_test_1.npy
    log: logs/curvatures/synth_test_1.log
    jobid: 8
    reason: Missing output files: ../results/curvature/synth_test_1.npy
    wildcards: f=synth_test_1
    resources: tmpdir=/tmp

[Sun Apr  9 19:55:06 2023]
Finished job 32.
1 of 51 steps (2%) done
[Sun Apr  9 19:55:06 2023]
Finished job 8.
2 of 51 steps (4%) done
[Sun Apr  9 19:55:06 2023]
Finished job 6.
3 of 51 steps (6%) done
[Sun Apr  9 19:55:06 2023]
Finished job 7.
4 of 51 steps (8%) done
Select jobs to execute...

[Sun Apr  9 19:55:06 2023]
rule train:
    input: ../resources/transf/pulses/train0.npy, ../resources/transf/pulses/train1.npy, ../resources/transf/annots/train0.npy, ../resources/transf/annots/train1.npy
    output: ../results/models/LSTM.pth, ../results/val_loss/LSTM.csv
    log: logs/train/LSTM.log
    jobid: 14
    reason: Missing output files: ../results/models/LSTM.pth, ../results/val_loss/LSTM.csv; Input files updated by another job: ../resources/transf/pulses/train1.npy, ../resources/transf/annots/train0.npy, ../resources/transf/pulses/train0.npy, ../resources/transf/annots/train1.npy
    wildcards: nn=LSTM
    threads: 4
    resources: tmpdir=/tmp

[Sun Apr  9 19:55:06 2023]
rule train:
    input: ../resources/transf/pulses/train0.npy, ../resources/transf/pulses/train1.npy, ../resources/transf/annots/train0.npy, ../resources/transf/annots/train1.npy
    output: ../results/models/MLP.pth, ../results/val_loss/MLP.csv
    log: logs/train/MLP.log
    jobid: 5
    reason: Missing output files: ../results/val_loss/MLP.csv, ../results/models/MLP.pth; Input files updated by another job: ../resources/transf/pulses/train1.npy, ../resources/transf/annots/train0.npy, ../resources/transf/pulses/train0.npy, ../resources/transf/annots/train1.npy
    wildcards: nn=MLP
    threads: 4
    resources: tmpdir=/tmp

[Sun Apr  9 19:55:41 2023]
Finished job 5.
5 of 51 steps (10%) done
Select jobs to execute...

[Sun Apr  9 19:55:41 2023]
rule train:
    input: ../resources/transf/pulses/train0.npy, ../resources/transf/pulses/train1.npy, ../resources/transf/annots/train0.npy, ../resources/transf/annots/train1.npy
    output: ../results/models/LSTMFCN.pth, ../results/val_loss/LSTMFCN.csv
    log: logs/train/LSTMFCN.log
    jobid: 26
    reason: Missing output files: ../results/val_loss/LSTMFCN.csv, ../results/models/LSTMFCN.pth; Input files updated by another job: ../resources/transf/pulses/train1.npy, ../resources/transf/annots/train0.npy, ../resources/transf/pulses/train0.npy, ../resources/transf/annots/train1.npy
    wildcards: nn=LSTMFCN
    threads: 4
    resources: tmpdir=/tmp

[Sun Apr  9 19:57:38 2023]
Finished job 26.
6 of 51 steps (12%) done
Select jobs to execute...

[Sun Apr  9 19:57:38 2023]
rule train:
    input: ../resources/transf/pulses/train0.npy, ../resources/transf/pulses/train1.npy, ../resources/transf/annots/train0.npy, ../resources/transf/annots/train1.npy
    output: ../results/models/CNN.pth, ../results/val_loss/CNN.csv
    log: logs/train/CNN.log
    jobid: 20
    reason: Missing output files: ../results/val_loss/CNN.csv, ../results/models/CNN.pth; Input files updated by another job: ../resources/transf/pulses/train1.npy, ../resources/transf/annots/train0.npy, ../resources/transf/pulses/train0.npy, ../resources/transf/annots/train1.npy
    wildcards: nn=CNN
    threads: 4
    resources: tmpdir=/tmp

[Sun Apr  9 19:58:36 2023]
Finished job 14.
7 of 51 steps (14%) done
Select jobs to execute...

[Sun Apr  9 19:58:36 2023]
rule pdfs:
    input: ../results/models/LSTM.pth, ../resources/test/pulses/synth_test_0.npy
    output: ../results/pdf/synth_test_0_LSTM.npy
    log: logs/pdfs/synth_test_0_LSTM.log
    jobid: 37
    reason: Missing output files: ../results/pdf/synth_test_0_LSTM.npy; Input files updated by another job: ../results/models/LSTM.pth
    wildcards: f=synth_test_0, nn=LSTM
    resources: tmpdir=/tmp

[Sun Apr  9 19:58:36 2023]
rule pdfs:
    input: ../results/models/MLP.pth, ../resources/test/pulses/synth_test_0.npy
    output: ../results/pdf/synth_test_0_MLP.npy
    log: logs/pdfs/synth_test_0_MLP.log
    jobid: 31
    reason: Missing output files: ../results/pdf/synth_test_0_MLP.npy; Input files updated by another job: ../results/models/MLP.pth
    wildcards: f=synth_test_0, nn=MLP
    resources: tmpdir=/tmp


[Sun Apr  9 19:58:36 2023]
rule pdfs:
    input: ../results/models/LSTM.pth, ../resources/test/pulses/synth_test_1.npy
    output: ../results/pdf/synth_test_1_LSTM.npy
    log: logs/pdfs/synth_test_1_LSTM.log
    jobid: 13
    reason: Missing output files: ../results/pdf/synth_test_1_LSTM.npy; Input files updated by another job: ../results/models/LSTM.pth
    wildcards: f=synth_test_1, nn=LSTM
    resources: tmpdir=/tmp


[Sun Apr  9 19:58:36 2023]
rule pdfs:
    input: ../results/models/LSTMFCN.pth, ../resources/test/pulses/synth_test_0.npy
    output: ../results/pdf/synth_test_0_LSTMFCN.npy
    log: logs/pdfs/synth_test_0_LSTMFCN.log
    jobid: 47
    reason: Missing output files: ../results/pdf/synth_test_0_LSTMFCN.npy; Input files updated by another job: ../results/models/LSTMFCN.pth
    wildcards: f=synth_test_0, nn=LSTMFCN
    resources: tmpdir=/tmp

[Sun Apr  9 19:58:38 2023]
Finished job 37.
8 of 51 steps (16%) done
Select jobs to execute...

[Sun Apr  9 19:58:38 2023]
rule pdfs:
    input: ../results/models/LSTMFCN.pth, ../resources/test/pulses/synth_test_1.npy
    output: ../results/pdf/synth_test_1_LSTMFCN.npy
    log: logs/pdfs/synth_test_1_LSTMFCN.log
    jobid: 25
    reason: Missing output files: ../results/pdf/synth_test_1_LSTMFCN.npy; Input files updated by another job: ../results/models/LSTMFCN.pth
    wildcards: f=synth_test_1, nn=LSTMFCN
    resources: tmpdir=/tmp

[Sun Apr  9 19:58:38 2023]
Finished job 47.
9 of 51 steps (18%) done
Select jobs to execute...

[Sun Apr  9 19:58:38 2023]
rule preds:
    input: ../results/pdf/synth_test_0_LSTMFCN.npy, ../results/curvature/synth_test_0.npy
    output: ../results/preds/synth_test_0_LSTMFCN_product.npy
    log: logs/preds/synth_test_0_LSTMFCN_product.log
    jobid: 46
    reason: Missing output files: ../results/preds/synth_test_0_LSTMFCN_product.npy; Input files updated by another job: ../results/pdf/synth_test_0_LSTMFCN.npy, ../results/curvature/synth_test_0.npy
    wildcards: f=synth_test_0, nn=LSTMFCN, c=product
    resources: tmpdir=/tmp

[Sun Apr  9 19:58:38 2023]
Finished job 13.
10 of 51 steps (20%) done
Select jobs to execute...

[Sun Apr  9 19:58:38 2023]
rule preds:
    input: ../results/pdf/synth_test_1_LSTM.npy, ../results/curvature/synth_test_1.npy
    output: ../results/preds/synth_test_1_LSTM_nothing.npy
    log: logs/preds/synth_test_1_LSTM_nothing.log
    jobid: 16
    reason: Missing output files: ../results/preds/synth_test_1_LSTM_nothing.npy; Input files updated by another job: ../results/curvature/synth_test_1.npy, ../results/pdf/synth_test_1_LSTM.npy
    wildcards: f=synth_test_1, nn=LSTM, c=nothing
    resources: tmpdir=/tmp

[Sun Apr  9 19:58:38 2023]
Finished job 31.
11 of 51 steps (22%) done
Select jobs to execute...

[Sun Apr  9 19:58:38 2023]
rule preds:
    input: ../results/pdf/synth_test_0_MLP.npy, ../results/curvature/synth_test_0.npy
    output: ../results/preds/synth_test_0_MLP_product.npy
    log: logs/preds/synth_test_0_MLP_product.log
    jobid: 30
    reason: Missing output files: ../results/preds/synth_test_0_MLP_product.npy; Input files updated by another job: ../results/pdf/synth_test_0_MLP.npy, ../results/curvature/synth_test_0.npy
    wildcards: f=synth_test_0, nn=MLP, c=product
    resources: tmpdir=/tmp

[Sun Apr  9 19:58:39 2023]
Finished job 46.
12 of 51 steps (24%) done
Select jobs to execute...

[Sun Apr  9 19:58:39 2023]
rule preds:
    input: ../results/pdf/synth_test_1_LSTM.npy, ../results/curvature/synth_test_1.npy
    output: ../results/preds/synth_test_1_LSTM_product.npy
    log: logs/preds/synth_test_1_LSTM_product.log
    jobid: 12
    reason: Missing output files: ../results/preds/synth_test_1_LSTM_product.npy; Input files updated by another job: ../results/curvature/synth_test_1.npy, ../results/pdf/synth_test_1_LSTM.npy
    wildcards: f=synth_test_1, nn=LSTM, c=product
    resources: tmpdir=/tmp

[Sun Apr  9 19:58:39 2023]
Finished job 16.
13 of 51 steps (25%) done
[Sun Apr  9 19:58:39 2023]
Finished job 30.
14 of 51 steps (27%) done
Select jobs to execute...

[Sun Apr  9 19:58:39 2023]
rule preds:
    input: ../results/pdf/synth_test_0_LSTMFCN.npy, ../results/curvature/synth_test_0.npy
    output: ../results/preds/synth_test_0_LSTMFCN_nothing.npy
    log: logs/preds/synth_test_0_LSTMFCN_nothing.log
    jobid: 49
    reason: Missing output files: ../results/preds/synth_test_0_LSTMFCN_nothing.npy; Input files updated by another job: ../results/pdf/synth_test_0_LSTMFCN.npy, ../results/curvature/synth_test_0.npy
    wildcards: f=synth_test_0, nn=LSTMFCN, c=nothing
    resources: tmpdir=/tmp

[Sun Apr  9 19:58:39 2023]
rule perfs:
    input: ../results/preds/synth_test_0_MLP_product.npy, ../resources/test/pulses/synth_test_0.npy, ../resources/test/annots/synth_test_0.npy
    output: ../results/errors/synth_test_0_MLP_product.csv
    log: logs/perfs/synth_test_0_MLP_product.log
    jobid: 29
    reason: Missing output files: ../results/errors/synth_test_0_MLP_product.csv; Input files updated by another job: ../results/preds/synth_test_0_MLP_product.npy
    wildcards: f=synth_test_0, nn=MLP, c=product
    resources: tmpdir=/tmp

Select jobs to execute...
[Sun Apr  9 19:58:39 2023]
Finished job 12.
15 of 51 steps (29%) done

[Sun Apr  9 19:58:40 2023]
rule preds:
    input: ../results/pdf/synth_test_0_LSTM.npy, ../results/curvature/synth_test_0.npy
    output: ../results/preds/synth_test_0_LSTM_nothing.npy
    log: logs/preds/synth_test_0_LSTM_nothing.log
    jobid: 39
    reason: Missing output files: ../results/preds/synth_test_0_LSTM_nothing.npy; Input files updated by another job: ../results/pdf/synth_test_0_LSTM.npy, ../results/curvature/synth_test_0.npy
    wildcards: f=synth_test_0, nn=LSTM, c=nothing
    resources: tmpdir=/tmp

[Sun Apr  9 19:58:40 2023]
Finished job 25.
16 of 51 steps (31%) done
Select jobs to execute...

[Sun Apr  9 19:58:40 2023]
rule perfs:
    input: ../results/preds/synth_test_0_LSTMFCN_product.npy, ../resources/test/pulses/synth_test_0.npy, ../resources/test/annots/synth_test_0.npy
    output: ../results/errors/synth_test_0_LSTMFCN_product.csv
    log: logs/perfs/synth_test_0_LSTMFCN_product.log
    jobid: 45
    reason: Missing output files: ../results/errors/synth_test_0_LSTMFCN_product.csv; Input files updated by another job: ../results/preds/synth_test_0_LSTMFCN_product.npy
    wildcards: f=synth_test_0, nn=LSTMFCN, c=product
    resources: tmpdir=/tmp

[Sun Apr  9 19:58:40 2023]
Finished job 49.
17 of 51 steps (33%) done
Select jobs to execute...

[Sun Apr  9 19:58:40 2023]
rule pdfs:
    input: ../results/models/MLP.pth, ../resources/test/pulses/synth_test_1.npy
    output: ../results/pdf/synth_test_1_MLP.npy
    log: logs/pdfs/synth_test_1_MLP.log
    jobid: 4
    reason: Missing output files: ../results/pdf/synth_test_1_MLP.npy; Input files updated by another job: ../results/models/MLP.pth
    wildcards: f=synth_test_1, nn=MLP
    resources: tmpdir=/tmp

[Sun Apr  9 19:58:40 2023]
Finished job 29.
18 of 51 steps (35%) done
Select jobs to execute...

[Sun Apr  9 19:58:40 2023]
rule perfs:
    input: ../results/preds/synth_test_1_LSTM_nothing.npy, ../resources/test/pulses/synth_test_1.npy, ../resources/test/annots/synth_test_1.npy
    output: ../results/errors/synth_test_1_LSTM_nothing.csv
    log: logs/perfs/synth_test_1_LSTM_nothing.log
    jobid: 15
    reason: Missing output files: ../results/errors/synth_test_1_LSTM_nothing.csv; Input files updated by another job: ../results/preds/synth_test_1_LSTM_nothing.npy
    wildcards: f=synth_test_1, nn=LSTM, c=nothing
    resources: tmpdir=/tmp

[Sun Apr  9 19:58:40 2023]
Finished job 39.
19 of 51 steps (37%) done
Select jobs to execute...

[Sun Apr  9 19:58:40 2023]
rule perfs:
    input: ../results/preds/synth_test_0_LSTM_nothing.npy, ../resources/test/pulses/synth_test_0.npy, ../resources/test/annots/synth_test_0.npy
    output: ../results/errors/synth_test_0_LSTM_nothing.csv
    log: logs/perfs/synth_test_0_LSTM_nothing.log
    jobid: 38
    reason: Missing output files: ../results/errors/synth_test_0_LSTM_nothing.csv; Input files updated by another job: ../results/preds/synth_test_0_LSTM_nothing.npy
    wildcards: f=synth_test_0, nn=LSTM, c=nothing
    resources: tmpdir=/tmp

[Sun Apr  9 19:58:41 2023]
Finished job 45.
20 of 51 steps (39%) done
Select jobs to execute...

[Sun Apr  9 19:58:41 2023]
rule preds:
    input: ../results/pdf/synth_test_1_LSTMFCN.npy, ../results/curvature/synth_test_1.npy
    output: ../results/preds/synth_test_1_LSTMFCN_product.npy
    log: logs/preds/synth_test_1_LSTMFCN_product.log
    jobid: 24
    reason: Missing output files: ../results/preds/synth_test_1_LSTMFCN_product.npy; Input files updated by another job: ../results/curvature/synth_test_1.npy, ../results/pdf/synth_test_1_LSTMFCN.npy
    wildcards: f=synth_test_1, nn=LSTMFCN, c=product
    resources: tmpdir=/tmp

[Sun Apr  9 19:58:41 2023]
Finished job 15.
21 of 51 steps (41%) done
Select jobs to execute...

[Sun Apr  9 19:58:41 2023]
rule perfs:
    input: ../results/preds/synth_test_0_LSTMFCN_nothing.npy, ../resources/test/pulses/synth_test_0.npy, ../resources/test/annots/synth_test_0.npy
    output: ../results/errors/synth_test_0_LSTMFCN_nothing.csv
    log: logs/perfs/synth_test_0_LSTMFCN_nothing.log
    jobid: 48
    reason: Missing output files: ../results/errors/synth_test_0_LSTMFCN_nothing.csv; Input files updated by another job: ../results/preds/synth_test_0_LSTMFCN_nothing.npy
    wildcards: f=synth_test_0, nn=LSTMFCN, c=nothing
    resources: tmpdir=/tmp

[Sun Apr  9 19:58:41 2023]
Finished job 4.
22 of 51 steps (43%) done
Select jobs to execute...

[Sun Apr  9 19:58:41 2023]
rule preds:
    input: ../results/pdf/synth_test_1_MLP.npy, ../results/curvature/synth_test_1.npy
    output: ../results/preds/synth_test_1_MLP_product.npy
    log: logs/preds/synth_test_1_MLP_product.log
    jobid: 3
    reason: Missing output files: ../results/preds/synth_test_1_MLP_product.npy; Input files updated by another job: ../results/curvature/synth_test_1.npy, ../results/pdf/synth_test_1_MLP.npy
    wildcards: f=synth_test_1, nn=MLP, c=product
    resources: tmpdir=/tmp

[Sun Apr  9 19:58:42 2023]
Finished job 24.
23 of 51 steps (45%) done
Select jobs to execute...

[Sun Apr  9 19:58:42 2023]
rule perfs:
    input: ../results/preds/synth_test_1_LSTMFCN_product.npy, ../resources/test/pulses/synth_test_1.npy, ../resources/test/annots/synth_test_1.npy
    output: ../results/errors/synth_test_1_LSTMFCN_product.csv
    log: logs/perfs/synth_test_1_LSTMFCN_product.log
    jobid: 23
    reason: Missing output files: ../results/errors/synth_test_1_LSTMFCN_product.csv; Input files updated by another job: ../results/preds/synth_test_1_LSTMFCN_product.npy
    wildcards: f=synth_test_1, nn=LSTMFCN, c=product
    resources: tmpdir=/tmp

[Sun Apr  9 19:58:42 2023]
Finished job 38.
24 of 51 steps (47%) done
Select jobs to execute...

[Sun Apr  9 19:58:42 2023]
rule preds:
    input: ../results/pdf/synth_test_0_LSTM.npy, ../results/curvature/synth_test_0.npy
    output: ../results/preds/synth_test_0_LSTM_product.npy
    log: logs/preds/synth_test_0_LSTM_product.log
    jobid: 36
    reason: Missing output files: ../results/preds/synth_test_0_LSTM_product.npy; Input files updated by another job: ../results/pdf/synth_test_0_LSTM.npy, ../results/curvature/synth_test_0.npy
    wildcards: f=synth_test_0, nn=LSTM, c=product
    resources: tmpdir=/tmp

[Sun Apr  9 19:58:42 2023]
Finished job 48.
25 of 51 steps (49%) done
Select jobs to execute...

[Sun Apr  9 19:58:42 2023]
rule preds:
    input: ../results/pdf/synth_test_0_MLP.npy, ../results/curvature/synth_test_0.npy
    output: ../results/preds/synth_test_0_MLP_nothing.npy
    log: logs/preds/synth_test_0_MLP_nothing.log
    jobid: 34
    reason: Missing output files: ../results/preds/synth_test_0_MLP_nothing.npy; Input files updated by another job: ../results/pdf/synth_test_0_MLP.npy, ../results/curvature/synth_test_0.npy
    wildcards: f=synth_test_0, nn=MLP, c=nothing
    resources: tmpdir=/tmp

[Sun Apr  9 19:58:42 2023]
Finished job 3.
26 of 51 steps (51%) done
Select jobs to execute...

[Sun Apr  9 19:58:42 2023]
rule perfs:
    input: ../results/preds/synth_test_1_LSTM_product.npy, ../resources/test/pulses/synth_test_1.npy, ../resources/test/annots/synth_test_1.npy
    output: ../results/errors/synth_test_1_LSTM_product.csv
    log: logs/perfs/synth_test_1_LSTM_product.log
    jobid: 11
    reason: Missing output files: ../results/errors/synth_test_1_LSTM_product.csv; Input files updated by another job: ../results/preds/synth_test_1_LSTM_product.npy
    wildcards: f=synth_test_1, nn=LSTM, c=product
    resources: tmpdir=/tmp

[Sun Apr  9 19:58:43 2023]
Finished job 36.
27 of 51 steps (53%) done
Select jobs to execute...

[Sun Apr  9 19:58:43 2023]
rule perfs:
    input: ../results/preds/synth_test_1_MLP_product.npy, ../resources/test/pulses/synth_test_1.npy, ../resources/test/annots/synth_test_1.npy
    output: ../results/errors/synth_test_1_MLP_product.csv
    log: logs/perfs/synth_test_1_MLP_product.log
    jobid: 2
    reason: Missing output files: ../results/errors/synth_test_1_MLP_product.csv; Input files updated by another job: ../results/preds/synth_test_1_MLP_product.npy
    wildcards: f=synth_test_1, nn=MLP, c=product
    resources: tmpdir=/tmp

[Sun Apr  9 19:58:43 2023]
Finished job 23.
28 of 51 steps (55%) done
Select jobs to execute...

[Sun Apr  9 19:58:43 2023]
rule perfs:
    input: ../results/preds/synth_test_0_LSTM_product.npy, ../resources/test/pulses/synth_test_0.npy, ../resources/test/annots/synth_test_0.npy
    output: ../results/errors/synth_test_0_LSTM_product.csv
    log: logs/perfs/synth_test_0_LSTM_product.log
    jobid: 35
    reason: Missing output files: ../results/errors/synth_test_0_LSTM_product.csv; Input files updated by another job: ../results/preds/synth_test_0_LSTM_product.npy
    wildcards: f=synth_test_0, nn=LSTM, c=product
    resources: tmpdir=/tmp

[Sun Apr  9 19:58:43 2023]
Finished job 34.
29 of 51 steps (57%) done
Select jobs to execute...

[Sun Apr  9 19:58:43 2023]
rule perfs:
    input: ../results/preds/synth_test_0_MLP_nothing.npy, ../resources/test/pulses/synth_test_0.npy, ../resources/test/annots/synth_test_0.npy
    output: ../results/errors/synth_test_0_MLP_nothing.csv
    log: logs/perfs/synth_test_0_MLP_nothing.log
    jobid: 33
    reason: Missing output files: ../results/errors/synth_test_0_MLP_nothing.csv; Input files updated by another job: ../results/preds/synth_test_0_MLP_nothing.npy
    wildcards: f=synth_test_0, nn=MLP, c=nothing
    resources: tmpdir=/tmp

[Sun Apr  9 19:58:43 2023]
Finished job 11.
30 of 51 steps (59%) done
Select jobs to execute...

[Sun Apr  9 19:58:43 2023]
rule preds:
    input: ../results/pdf/synth_test_1_MLP.npy, ../results/curvature/synth_test_1.npy
    output: ../results/preds/synth_test_1_MLP_nothing.npy
    log: logs/preds/synth_test_1_MLP_nothing.log
    jobid: 10
    reason: Missing output files: ../results/preds/synth_test_1_MLP_nothing.npy; Input files updated by another job: ../results/curvature/synth_test_1.npy, ../results/pdf/synth_test_1_MLP.npy
    wildcards: f=synth_test_1, nn=MLP, c=nothing
    resources: tmpdir=/tmp

[Sun Apr  9 19:58:44 2023]
Finished job 2.
31 of 51 steps (61%) done
Select jobs to execute...

[Sun Apr  9 19:58:44 2023]
rule preds:
    input: ../results/pdf/synth_test_1_LSTMFCN.npy, ../results/curvature/synth_test_1.npy
    output: ../results/preds/synth_test_1_LSTMFCN_nothing.npy
    log: logs/preds/synth_test_1_LSTMFCN_nothing.log
    jobid: 28
    reason: Missing output files: ../results/preds/synth_test_1_LSTMFCN_nothing.npy; Input files updated by another job: ../results/curvature/synth_test_1.npy, ../results/pdf/synth_test_1_LSTMFCN.npy
    wildcards: f=synth_test_1, nn=LSTMFCN, c=nothing
    resources: tmpdir=/tmp

[Sun Apr  9 19:58:44 2023]
Finished job 33.
32 of 51 steps (63%) done
[Sun Apr  9 19:58:44 2023]
Finished job 35.
33 of 51 steps (65%) done
[Sun Apr  9 19:58:44 2023]
Finished job 10.
34 of 51 steps (67%) done
Select jobs to execute...

[Sun Apr  9 19:58:44 2023]
rule perfs:
    input: ../results/preds/synth_test_1_MLP_nothing.npy, ../resources/test/pulses/synth_test_1.npy, ../resources/test/annots/synth_test_1.npy
    output: ../results/errors/synth_test_1_MLP_nothing.csv
    log: logs/perfs/synth_test_1_MLP_nothing.log
    jobid: 9
    reason: Missing output files: ../results/errors/synth_test_1_MLP_nothing.csv; Input files updated by another job: ../results/preds/synth_test_1_MLP_nothing.npy
    wildcards: f=synth_test_1, nn=MLP, c=nothing
    resources: tmpdir=/tmp

[Sun Apr  9 19:58:44 2023]
Finished job 28.
35 of 51 steps (69%) done
Select jobs to execute...

[Sun Apr  9 19:58:44 2023]
rule perfs:
    input: ../results/preds/synth_test_1_LSTMFCN_nothing.npy, ../resources/test/pulses/synth_test_1.npy, ../resources/test/annots/synth_test_1.npy
    output: ../results/errors/synth_test_1_LSTMFCN_nothing.csv
    log: logs/perfs/synth_test_1_LSTMFCN_nothing.log
    jobid: 27
    reason: Missing output files: ../results/errors/synth_test_1_LSTMFCN_nothing.csv; Input files updated by another job: ../results/preds/synth_test_1_LSTMFCN_nothing.npy
    wildcards: f=synth_test_1, nn=LSTMFCN, c=nothing
    resources: tmpdir=/tmp

[Sun Apr  9 19:58:45 2023]
Finished job 9.
36 of 51 steps (71%) done
[Sun Apr  9 19:58:45 2023]
Finished job 27.
37 of 51 steps (73%) done
[Sun Apr  9 19:59:09 2023]
Finished job 20.
38 of 51 steps (75%) done
Select jobs to execute...

[Sun Apr  9 19:59:09 2023]
rule pdfs:
    input: ../results/models/CNN.pth, ../resources/test/pulses/synth_test_1.npy
    output: ../results/pdf/synth_test_1_CNN.npy
    log: logs/pdfs/synth_test_1_CNN.log
    jobid: 19
    reason: Missing output files: ../results/pdf/synth_test_1_CNN.npy; Input files updated by another job: ../results/models/CNN.pth
    wildcards: f=synth_test_1, nn=CNN
    resources: tmpdir=/tmp

[Sun Apr  9 19:59:09 2023]
rule graph_loss:
    input: ../results/val_loss/MLP.csv, ../results/val_loss/LSTM.csv, ../results/val_loss/CNN.csv, ../results/val_loss/LSTMFCN.csv
    output: ../results/graphs/loss.png
    log: logs/graph_loss/graph_loss.log
    jobid: 50
    reason: Missing output files: ../results/graphs/loss.png; Input files updated by another job: ../results/val_loss/MLP.csv, ../results/val_loss/CNN.csv, ../results/val_loss/LSTM.csv, ../results/val_loss/LSTMFCN.csv
    resources: tmpdir=/tmp


[Sun Apr  9 19:59:09 2023]
rule pdfs:
    input: ../results/models/CNN.pth, ../resources/test/pulses/synth_test_0.npy
    output: ../results/pdf/synth_test_0_CNN.npy
    log: logs/pdfs/synth_test_0_CNN.log
    jobid: 42
    reason: Missing output files: ../results/pdf/synth_test_0_CNN.npy; Input files updated by another job: ../results/models/CNN.pth
    wildcards: f=synth_test_0, nn=CNN
    resources: tmpdir=/tmp

[Sun Apr  9 19:59:10 2023]
Finished job 42.
39 of 51 steps (76%) done
Select jobs to execute...

[Sun Apr  9 19:59:10 2023]
rule preds:
    input: ../results/pdf/synth_test_0_CNN.npy, ../results/curvature/synth_test_0.npy
    output: ../results/preds/synth_test_0_CNN_nothing.npy
    log: logs/preds/synth_test_0_CNN_nothing.log
    jobid: 44
    reason: Missing output files: ../results/preds/synth_test_0_CNN_nothing.npy; Input files updated by another job: ../results/pdf/synth_test_0_CNN.npy, ../results/curvature/synth_test_0.npy
    wildcards: f=synth_test_0, nn=CNN, c=nothing
    resources: tmpdir=/tmp

[Sun Apr  9 19:59:10 2023]
rule preds:
    input: ../results/pdf/synth_test_0_CNN.npy, ../results/curvature/synth_test_0.npy
    output: ../results/preds/synth_test_0_CNN_product.npy
    log: logs/preds/synth_test_0_CNN_product.log
    jobid: 41
    reason: Missing output files: ../results/preds/synth_test_0_CNN_product.npy; Input files updated by another job: ../results/pdf/synth_test_0_CNN.npy, ../results/curvature/synth_test_0.npy
    wildcards: f=synth_test_0, nn=CNN, c=product
    resources: tmpdir=/tmp

[Sun Apr  9 19:59:10 2023]
Finished job 19.
40 of 51 steps (78%) done
Select jobs to execute...

[Sun Apr  9 19:59:10 2023]
rule preds:
    input: ../results/pdf/synth_test_1_CNN.npy, ../results/curvature/synth_test_1.npy
    output: ../results/preds/synth_test_1_CNN_nothing.npy
    log: logs/preds/synth_test_1_CNN_nothing.log
    jobid: 22
    reason: Missing output files: ../results/preds/synth_test_1_CNN_nothing.npy; Input files updated by another job: ../results/curvature/synth_test_1.npy, ../results/pdf/synth_test_1_CNN.npy
    wildcards: f=synth_test_1, nn=CNN, c=nothing
    resources: tmpdir=/tmp

[Sun Apr  9 19:59:10 2023]
rule preds:
    input: ../results/pdf/synth_test_1_CNN.npy, ../results/curvature/synth_test_1.npy
    output: ../results/preds/synth_test_1_CNN_product.npy
    log: logs/preds/synth_test_1_CNN_product.log
    jobid: 18
    reason: Missing output files: ../results/preds/synth_test_1_CNN_product.npy; Input files updated by another job: ../results/curvature/synth_test_1.npy, ../results/pdf/synth_test_1_CNN.npy
    wildcards: f=synth_test_1, nn=CNN, c=product
    resources: tmpdir=/tmp

[Sun Apr  9 19:59:10 2023]
Finished job 50.
41 of 51 steps (80%) done
[Sun Apr  9 19:59:10 2023]
Finished job 41.
42 of 51 steps (82%) done
Select jobs to execute...

[Sun Apr  9 19:59:10 2023]
rule perfs:
    input: ../results/preds/synth_test_0_CNN_product.npy, ../resources/test/pulses/synth_test_0.npy, ../resources/test/annots/synth_test_0.npy
    output: ../results/errors/synth_test_0_CNN_product.csv
    log: logs/perfs/synth_test_0_CNN_product.log
    jobid: 40
    reason: Missing output files: ../results/errors/synth_test_0_CNN_product.csv; Input files updated by another job: ../results/preds/synth_test_0_CNN_product.npy
    wildcards: f=synth_test_0, nn=CNN, c=product
    resources: tmpdir=/tmp

[Sun Apr  9 19:59:10 2023]
Finished job 44.
43 of 51 steps (84%) done
Select jobs to execute...

[Sun Apr  9 19:59:10 2023]
rule perfs:
    input: ../results/preds/synth_test_0_CNN_nothing.npy, ../resources/test/pulses/synth_test_0.npy, ../resources/test/annots/synth_test_0.npy
    output: ../results/errors/synth_test_0_CNN_nothing.csv
    log: logs/perfs/synth_test_0_CNN_nothing.log
    jobid: 43
    reason: Missing output files: ../results/errors/synth_test_0_CNN_nothing.csv; Input files updated by another job: ../results/preds/synth_test_0_CNN_nothing.npy
    wildcards: f=synth_test_0, nn=CNN, c=nothing
    resources: tmpdir=/tmp

[Sun Apr  9 19:59:10 2023]
Finished job 18.
44 of 51 steps (86%) done
Select jobs to execute...

[Sun Apr  9 19:59:10 2023]
rule perfs:
    input: ../results/preds/synth_test_1_CNN_product.npy, ../resources/test/pulses/synth_test_1.npy, ../resources/test/annots/synth_test_1.npy
    output: ../results/errors/synth_test_1_CNN_product.csv
    log: logs/perfs/synth_test_1_CNN_product.log
    jobid: 17
    reason: Missing output files: ../results/errors/synth_test_1_CNN_product.csv; Input files updated by another job: ../results/preds/synth_test_1_CNN_product.npy
    wildcards: f=synth_test_1, nn=CNN, c=product
    resources: tmpdir=/tmp

[Sun Apr  9 19:59:10 2023]
Finished job 22.
45 of 51 steps (88%) done
Select jobs to execute...

[Sun Apr  9 19:59:10 2023]
rule perfs:
    input: ../results/preds/synth_test_1_CNN_nothing.npy, ../resources/test/pulses/synth_test_1.npy, ../resources/test/annots/synth_test_1.npy
    output: ../results/errors/synth_test_1_CNN_nothing.csv
    log: logs/perfs/synth_test_1_CNN_nothing.log
    jobid: 21
    reason: Missing output files: ../results/errors/synth_test_1_CNN_nothing.csv; Input files updated by another job: ../results/preds/synth_test_1_CNN_nothing.npy
    wildcards: f=synth_test_1, nn=CNN, c=nothing
    resources: tmpdir=/tmp

[Sun Apr  9 19:59:11 2023]
Finished job 40.
46 of 51 steps (90%) done
[Sun Apr  9 19:59:11 2023]
Finished job 21.
47 of 51 steps (92%) done
[Sun Apr  9 19:59:11 2023]
Finished job 17.
48 of 51 steps (94%) done
[Sun Apr  9 19:59:11 2023]
Finished job 43.
49 of 51 steps (96%) done
Select jobs to execute...

[Sun Apr  9 19:59:11 2023]
rule merge:
    input: ../results/errors/synth_test_1_MLP_product.csv, ../results/errors/synth_test_1_MLP_nothing.csv, ../results/errors/synth_test_1_LSTM_product.csv, ../results/errors/synth_test_1_LSTM_nothing.csv, ../results/errors/synth_test_1_CNN_product.csv, ../results/errors/synth_test_1_CNN_nothing.csv, ../results/errors/synth_test_1_LSTMFCN_product.csv, ../results/errors/synth_test_1_LSTMFCN_nothing.csv, ../results/errors/synth_test_0_MLP_product.csv, ../results/errors/synth_test_0_MLP_nothing.csv, ../results/errors/synth_test_0_LSTM_product.csv, ../results/errors/synth_test_0_LSTM_nothing.csv, ../results/errors/synth_test_0_CNN_product.csv, ../results/errors/synth_test_0_CNN_nothing.csv, ../results/errors/synth_test_0_LSTMFCN_product.csv, ../results/errors/synth_test_0_LSTMFCN_nothing.csv
    output: ../results/graphs/hz.png, ../results/graphs/vt.png, ../results/graphs/ratio.png, ../results/graphs/clasf.png, ../results/graphs/metrics.csv
    log: logs/merge/merge.log
    jobid: 1
    reason: Missing output files: ../results/graphs/vt.png, ../results/graphs/ratio.png, ../results/graphs/hz.png, ../results/graphs/metrics.csv, ../results/graphs/clasf.png; Input files updated by another job: ../results/errors/synth_test_1_CNN_product.csv, ../results/errors/synth_test_1_LSTM_nothing.csv, ../results/errors/synth_test_0_MLP_nothing.csv, ../results/errors/synth_test_0_LSTM_product.csv, ../results/errors/synth_test_0_CNN_nothing.csv, ../results/errors/synth_test_1_LSTMFCN_nothing.csv, ../results/errors/synth_test_1_CNN_nothing.csv, ../results/errors/synth_test_0_LSTM_nothing.csv, ../results/errors/synth_test_0_CNN_product.csv, ../results/errors/synth_test_1_MLP_product.csv, ../results/errors/synth_test_1_LSTMFCN_product.csv, ../results/errors/synth_test_1_LSTM_product.csv, ../results/errors/synth_test_0_LSTMFCN_nothing.csv, ../results/errors/synth_test_0_LSTMFCN_product.csv, ../results/errors/synth_test_0_MLP_product.csv, ../results/errors/synth_test_1_MLP_nothing.csv
    resources: tmpdir=/tmp

[Sun Apr  9 19:59:13 2023]
Finished job 1.
50 of 51 steps (98%) done
Select jobs to execute...

[Sun Apr  9 19:59:13 2023]
localrule all:
    input: ../results/graphs/hz.png, ../results/graphs/vt.png, ../results/graphs/ratio.png, ../results/graphs/loss.png, ../results/graphs/clasf.png, ../results/graphs/metrics.csv
    jobid: 0
    reason: Input files updated by another job: ../results/graphs/vt.png, ../results/graphs/loss.png, ../results/graphs/ratio.png, ../results/graphs/hz.png, ../results/graphs/metrics.csv, ../results/graphs/clasf.png
    resources: tmpdir=/tmp

[Sun Apr  9 19:59:13 2023]
Finished job 0.
51 of 51 steps (100%) done
Complete log: .snakemake/log/2023-04-09T195505.451020.snakemake.log
