Building DAG of jobs...
Using shell: /usr/bin/bash
Provided cores: 8
Rules claiming more threads will be scaled down.
Conda environments: ignored
Job stats:
job           count    min threads    max threads
----------  -------  -------------  -------------
all               1              1              1
graph_loss        1              1              1
merge             1              1              1
total             3              1              1

Select jobs to execute...

[Sun Apr  9 19:46:55 2023]
rule merge:
    input: ../results/errors/synth_test_1_MLP_product.csv, ../results/errors/synth_test_1_MLP_nothing.csv, ../results/errors/synth_test_1_LSTM_product.csv, ../results/errors/synth_test_1_LSTM_nothing.csv, ../results/errors/synth_test_1_CNN_product.csv, ../results/errors/synth_test_1_CNN_nothing.csv, ../results/errors/synth_test_1_LSTMFCN_product.csv, ../results/errors/synth_test_1_LSTMFCN_nothing.csv, ../results/errors/synth_test_0_MLP_product.csv, ../results/errors/synth_test_0_MLP_nothing.csv, ../results/errors/synth_test_0_LSTM_product.csv, ../results/errors/synth_test_0_LSTM_nothing.csv, ../results/errors/synth_test_0_CNN_product.csv, ../results/errors/synth_test_0_CNN_nothing.csv, ../results/errors/synth_test_0_LSTMFCN_product.csv, ../results/errors/synth_test_0_LSTMFCN_nothing.csv
    output: ../results/graphs/hz.png, ../results/graphs/vt.png, ../results/graphs/ratio.png, ../results/graphs/clasf.png, ../results/graphs/metrics.csv
    log: logs/merge/merge.log
    jobid: 1
    reason: Missing output files: ../results/graphs/ratio.png, ../results/graphs/clasf.png, ../results/graphs/vt.png, ../results/graphs/hz.png, ../results/graphs/metrics.csv
    resources: tmpdir=/tmp

[Sun Apr  9 19:46:55 2023]
rule graph_loss:
    input: ../results/val_loss/MLP.csv, ../results/val_loss/LSTM.csv, ../results/val_loss/CNN.csv, ../results/val_loss/LSTMFCN.csv
    output: ../results/graphs/loss.png
    log: logs/graph_loss/graph_loss.log
    jobid: 50
    reason: Missing output files: ../results/graphs/loss.png
    resources: tmpdir=/tmp

[Sun Apr  9 19:46:57 2023]
Finished job 50.
1 of 3 steps (33%) done
[Sun Apr  9 19:46:58 2023]
Finished job 1.
2 of 3 steps (67%) done
Select jobs to execute...

[Sun Apr  9 19:46:58 2023]
localrule all:
    input: ../results/graphs/hz.png, ../results/graphs/vt.png, ../results/graphs/ratio.png, ../results/graphs/loss.png, ../results/graphs/clasf.png, ../results/graphs/metrics.csv
    jobid: 0
    reason: Input files updated by another job: ../results/graphs/ratio.png, ../results/graphs/clasf.png, ../results/graphs/metrics.csv, ../results/graphs/loss.png, ../results/graphs/hz.png, ../results/graphs/vt.png
    resources: tmpdir=/tmp

[Sun Apr  9 19:46:58 2023]
Finished job 0.
3 of 3 steps (100%) done
Complete log: .snakemake/log/2023-04-09T194655.379778.snakemake.log
