Building DAG of jobs...
Your conda installation is not configured to use strict channel priorities. This is however crucial for having robust and correct environments (for details, see https://conda-forge.org/docs/user/tipsandtricks.html). Please consider to configure strict priorities by executing 'conda config --set channel_priority strict'.
Creating conda environment envs\venv.yaml...
Downloading and installing remote packages.
CreateCondaEnvironmentException:
Could not create conda environment from C:\Users\DoL\Desktop\local_repos\git_strasbourg\git_strasbourg\pipeline\workflow\envs/venv.yaml:
Command:
mamba env create --quiet --file "C:\Users\DoL\Desktop\local_repos\git_strasbourg\git_strasbourg\pipeline\workflow\.snakemake\conda\666d396a3f3d042a5ba08abd88119a5e_.yaml" --prefix "C:\Users\DoL\Desktop\local_repos\git_strasbourg\git_strasbourg\pipeline\workflow\.snakemake\conda\666d396a3f3d042a5ba08abd88119a5e_"
Output:
Could not solve for environment specs
The following packages are incompatible
├─ _libgcc_mutex ==0.1 conda_forge does not exist (perhaps a typo or a missing channel);
├─ _openmp_mutex ==4.5 2_kmp_llvm does not exist (perhaps a typo or a missing channel);
├─ aiohttp ==3.8.4 py311h2582759_0 does not exist (perhaps a typo or a missing channel);
├─ bcrypt ==3.2.2 py311hd4cff14_1 does not exist (perhaps a typo or a missing channel);
├─ brotli-bin ==1.0.9 h166bdaf_8 does not exist (perhaps a typo or a missing channel);
├─ brotli ==1.0.9 h166bdaf_8 does not exist (perhaps a typo or a missing channel);
├─ brotlipy ==0.7.0 py311hd4cff14_1005 does not exist (perhaps a typo or a missing channel);
├─ bzip2 ==1.0.8 h7f98852_4 does not exist (perhaps a typo or a missing channel);
├─ c-ares ==1.18.1 h7f98852_0 does not exist (perhaps a typo or a missing channel);
├─ ca-certificates ==2022.12.7 ha878542_0 does not exist (perhaps a typo or a missing channel);
├─ cffi ==1.15.1 py311h409f033_3 does not exist (perhaps a typo or a missing channel);
├─ coin-or-cbc ==2.10.8 h3786ebc_0 does not exist (perhaps a typo or a missing channel);
├─ coin-or-cgl ==0.60.6 h6f57e76_2 does not exist (perhaps a typo or a missing channel);
├─ coin-or-clp ==1.17.7 hc56784d_2 does not exist (perhaps a typo or a missing channel);
├─ coin-or-osi ==0.108.7 h2720bb7_2 does not exist (perhaps a typo or a missing channel);
├─ coin-or-utils ==2.11.6 h202d8b1_2 does not exist (perhaps a typo or a missing channel);
├─ coincbc ==2.10.8 0_metapackage is uninstallable because it requires
│  └─ coin-or-cbc 2.10.8.* , which does not exist (perhaps a missing channel);
├─ contourpy ==1.0.7 py311ha3edf6b_0 does not exist (perhaps a typo or a missing channel);
├─ cryptography ==40.0.1 py311h9b4c7bb_0 does not exist (perhaps a typo or a missing channel);
├─ datrie ==0.8.2 py311hd4cff14_6 does not exist (perhaps a typo or a missing channel);
├─ docutils ==0.19 py311h38be061_1 does not exist (perhaps a typo or a missing channel);
├─ dpath ==2.1.5 py311h38be061_0 does not exist (perhaps a typo or a missing channel);
├─ fonttools ==4.39.3 py311h2582759_0 does not exist (perhaps a typo or a missing channel);
├─ freetype ==2.12.1 hca18f0e_1 does not exist (perhaps a typo or a missing channel);
├─ frozenlist ==1.3.3 py311hd4cff14_0 does not exist (perhaps a typo or a missing channel);
├─ google-crc32c ==1.1.2 py311h98db957_4 does not exist (perhaps a typo or a missing channel);
├─ grpcio ==1.52.1 py311hcafe171_1 does not exist (perhaps a typo or a missing channel);
├─ humanfriendly ==10.0 py311h38be061_4 does not exist (perhaps a typo or a missing channel);
├─ icu ==72.1 hcb278e6_0 does not exist (perhaps a typo or a missing channel);
├─ jupyter_core ==5.3.0 py311h38be061_0 does not exist (perhaps a typo or a missing channel);
├─ kiwisolver ==1.4.4 py311h4dd048b_1 does not exist (perhaps a typo or a missing channel);
├─ lcms2 ==2.15 haa2dc70_1 does not exist (perhaps a typo or a missing channel);
├─ ld_impl_linux-64 ==2.40 h41732ed_0 does not exist (perhaps a typo or a missing channel);
├─ lerc ==4.0.0 h27087fc_0 does not exist (perhaps a typo or a missing channel);
├─ libabseil ==20230125.0 cxx17_hcb278e6_1 does not exist (perhaps a typo or a missing channel);
├─ libblas ==3.9.0 16_linux64_openblas does not exist (perhaps a typo or a missing channel);
├─ libbrotlicommon ==1.0.9 h166bdaf_8 does not exist (perhaps a typo or a missing channel);
├─ libbrotlidec ==1.0.9 h166bdaf_8 does not exist (perhaps a typo or a missing channel);
├─ libbrotlienc ==1.0.9 h166bdaf_8 does not exist (perhaps a typo or a missing channel);
├─ libcblas ==3.9.0 16_linux64_openblas does not exist (perhaps a typo or a missing channel);
├─ libcrc32c ==1.1.2 h9c3ff4c_0 does not exist (perhaps a typo or a missing channel);
├─ libcufft ==10.7.2.124 h4fbf590_0 does not exist (perhaps a typo or a missing channel);
├─ libcufile ==1.6.0.25 0 does not exist (perhaps a typo or a missing channel);
├─ libdeflate ==1.18 h0b41bf4_0 does not exist (perhaps a typo or a missing channel);
├─ libexpat ==2.5.0 hcb278e6_1 does not exist (perhaps a typo or a missing channel);
├─ libffi ==3.4.2 h7f98852_5 does not exist (perhaps a typo or a missing channel);
├─ libgcc-ng ==12.2.0 h65d4601_19 does not exist (perhaps a typo or a missing channel);
├─ libgfortran-ng ==12.2.0 h69a702a_19 does not exist (perhaps a typo or a missing channel);
├─ libgfortran5 ==12.2.0 h337968e_19 does not exist (perhaps a typo or a missing channel);
├─ libgomp ==12.2.0 h65d4601_19 does not exist (perhaps a typo or a missing channel);
├─ libgrpc ==1.52.1 hcf146ea_1 does not exist (perhaps a typo or a missing channel);
├─ libhwloc ==2.9.0 hd6dc26d_0 does not exist (perhaps a typo or a missing channel);
├─ libiconv ==1.17 h166bdaf_0 does not exist (perhaps a typo or a missing channel);
├─ libjpeg-turbo ==2.1.5.1 h0b41bf4_0 does not exist (perhaps a typo or a missing channel);
├─ liblapack ==3.9.0 16_linux64_openblas does not exist (perhaps a typo or a missing channel);
├─ liblapacke ==3.9.0 16_linux64_openblas does not exist (perhaps a typo or a missing channel);
├─ libnsl ==2.0.0 h7f98852_0 does not exist (perhaps a typo or a missing channel);
├─ libopenblas ==0.3.21 pthreads_h78a6416_3 does not exist (perhaps a typo or a missing channel);
├─ libpng ==1.6.39 h753d276_0 does not exist (perhaps a typo or a missing channel);
├─ libprotobuf ==3.21.12 h3eb15da_0 does not exist (perhaps a typo or a missing channel);
├─ libsodium ==1.0.18 h36c2ea0_1 does not exist (perhaps a typo or a missing channel);
├─ libsqlite ==3.40.0 h753d276_0 does not exist (perhaps a typo or a missing channel);
├─ libstdcxx-ng ==12.2.0 h46fd767_19 does not exist (perhaps a typo or a missing channel);
├─ libtiff ==4.5.0 ha587672_6 does not exist (perhaps a typo or a missing channel);
├─ libuuid ==2.38.1 h0b41bf4_0 does not exist (perhaps a typo or a missing channel);
├─ libwebp-base ==1.3.0 h0b41bf4_0 does not exist (perhaps a typo or a missing channel);
├─ libxcb ==1.13 h7f98852_1004 does not exist (perhaps a typo or a missing channel);
├─ libxml2 ==2.10.3 hfdac1af_6 does not exist (perhaps a typo or a missing channel);
├─ libzlib ==1.2.13 h166bdaf_4 does not exist (perhaps a typo or a missing channel);
├─ llvm-openmp ==16.0.0 h417c0b6_0 does not exist (perhaps a typo or a missing channel);
├─ markupsafe ==2.1.2 py311h2582759_0 does not exist (perhaps a typo or a missing channel);
├─ matplotlib-base ==3.7.1 py311h8597a09_0 does not exist (perhaps a typo or a missing channel);
├─ mkl ==2022.2.1 h84fe81f_16997 does not exist (perhaps a typo or a missing channel);
├─ multidict ==6.0.4 py311h2582759_0 does not exist (perhaps a typo or a missing channel);
├─ ncurses ==6.3 h27087fc_1 does not exist (perhaps a typo or a missing channel);
├─ numpy ==1.24.2 py311h8e6699e_0 does not exist (perhaps a typo or a missing channel);
├─ openjpeg ==2.5.0 hfec8fc6_2 does not exist (perhaps a typo or a missing channel);
├─ openssl ==3.1.0 h0b41bf4_0 does not exist (perhaps a typo or a missing channel);
├─ pandas ==1.5.3 py311h2872171_1 does not exist (perhaps a typo or a missing channel);
├─ pillow ==9.4.0 py311h573f0d3_2 does not exist (perhaps a typo or a missing channel);
├─ protobuf ==4.21.12 py311hcafe171_0 does not exist (perhaps a typo or a missing channel);
├─ psutil ==5.9.4 py311hd4cff14_0 does not exist (perhaps a typo or a missing channel);
├─ pthread-stubs ==0.4 h36c2ea0_1001 does not exist (perhaps a typo or a missing channel);
├─ pulp ==2.7.0 py311h38be061_0 does not exist (perhaps a typo or a missing channel);
├─ pynacl ==1.5.0 py311hd4cff14_2 does not exist (perhaps a typo or a missing channel);
├─ pyrsistent ==0.19.3 py311h2582759_0 does not exist (perhaps a typo or a missing channel);
├─ pysocks ==1.7.1 pyha2e5f31_6 is uninstallable because it requires
│  └─ __unix  , which is missing on the system;
├─ python ==3.11.2 h2755cc3_0_cpython does not exist (perhaps a typo or a missing channel);
├─ pytorch-cuda ==11.7 h778d358_3 does not exist (perhaps a typo or a missing channel);
├─ pytorch ==1.13.1 cpu_py311h410fd25_1 does not exist (perhaps a typo or a missing channel);
├─ pyyaml ==6.0 py311hd4cff14_5 does not exist (perhaps a typo or a missing channel);
├─ re2 ==2023.02.02 hcb278e6_0 does not exist (perhaps a typo or a missing channel);
├─ readline ==8.2 h8228510_1 does not exist (perhaps a typo or a missing channel);
├─ scikit-learn ==1.2.2 py311h103fc68_1 does not exist (perhaps a typo or a missing channel);
├─ scipy ==1.10.1 py311h8e6699e_0 does not exist (perhaps a typo or a missing channel);
├─ sleef ==3.5.1 h9b69904_2 does not exist (perhaps a typo or a missing channel);
├─ statsmodels ==0.13.5 py311h4c7f6c3_2 does not exist (perhaps a typo or a missing channel);
├─ tbb ==2021.8.0 hf52228f_0 does not exist (perhaps a typo or a missing channel);
├─ tk ==8.6.12 h27826a3_0 does not exist (perhaps a typo or a missing channel);
├─ wrapt ==1.15.0 py311h2582759_0 does not exist (perhaps a typo or a missing channel);
├─ xorg-libxau ==1.0.9 h7f98852_0 does not exist (perhaps a typo or a missing channel);
├─ xorg-libxdmcp ==1.1.3 h7f98852_0 does not exist (perhaps a typo or a missing channel);
├─ xz ==5.2.6 h166bdaf_0 does not exist (perhaps a typo or a missing channel);
├─ yaml ==0.2.5 h7f98852_2 does not exist (perhaps a typo or a missing channel);
├─ yarl ==1.8.2 py311hd4cff14_0 does not exist (perhaps a typo or a missing channel);
├─ yte ==1.5.1 py311h38be061_1 does not exist (perhaps a typo or a missing channel);
├─ zlib ==1.2.13 h166bdaf_4 does not exist (perhaps a typo or a missing channel);
└─ zstd ==1.5.2 h3eb15da_6 does not exist (perhaps a typo or a missing channel).

