Building DAG of jobs...
Using shell: /usr/bin/bash
Provided cores: 8
Rules claiming more threads will be scaled down.
Conda environments: ignored
Job stats:
job      count    min threads    max threads
-----  -------  -------------  -------------
all          1              1              1
merge        1              1              1
total        2              1              1

Select jobs to execute...

[Sun Apr  9 19:45:46 2023]
rule merge:
    input: ../results/errors/synth_test_1_MLP_product.csv, ../results/errors/synth_test_1_MLP_nothing.csv, ../results/errors/synth_test_1_LSTM_product.csv, ../results/errors/synth_test_1_LSTM_nothing.csv, ../results/errors/synth_test_1_CNN_product.csv, ../results/errors/synth_test_1_CNN_nothing.csv, ../results/errors/synth_test_1_LSTMFCN_product.csv, ../results/errors/synth_test_1_LSTMFCN_nothing.csv, ../results/errors/synth_test_0_MLP_product.csv, ../results/errors/synth_test_0_MLP_nothing.csv, ../results/errors/synth_test_0_LSTM_product.csv, ../results/errors/synth_test_0_LSTM_nothing.csv, ../results/errors/synth_test_0_CNN_product.csv, ../results/errors/synth_test_0_CNN_nothing.csv, ../results/errors/synth_test_0_LSTMFCN_product.csv, ../results/errors/synth_test_0_LSTMFCN_nothing.csv
    output: ../results/graphs/hz.png, ../results/graphs/vt.png, ../results/graphs/ratio.png, ../results/graphs/clasf.png, ../results/graphs/metrics.csv
    log: logs/merge/merge.log
    jobid: 1
    reason: Missing output files: ../results/graphs/metrics.csv, ../results/graphs/clasf.png, ../results/graphs/ratio.png, ../results/graphs/hz.png, ../results/graphs/vt.png
    resources: tmpdir=/tmp

[Sun Apr  9 19:45:48 2023]
Finished job 1.
1 of 2 steps (50%) done
Select jobs to execute...

[Sun Apr  9 19:45:48 2023]
localrule all:
    input: ../results/graphs/hz.png, ../results/graphs/vt.png, ../results/graphs/ratio.png, ../results/graphs/loss.png, ../results/graphs/clasf.png, ../results/graphs/metrics.csv
    jobid: 0
    reason: Input files updated by another job: ../results/graphs/metrics.csv, ../results/graphs/clasf.png, ../results/graphs/ratio.png, ../results/graphs/hz.png, ../results/graphs/vt.png
    resources: tmpdir=/tmp

[Sun Apr  9 19:45:48 2023]
Finished job 0.
2 of 2 steps (100%) done
Complete log: .snakemake/log/2023-04-09T194546.082180.snakemake.log
