Building DAG of jobs...
Provided cores: 8
Rules claiming more threads will be scaled down.
Conda environments: ignored
Job stats:
job           count    min threads    max threads
----------  -------  -------------  -------------
all               1              1              1
curvatures        2              1              1
graph_loss        1              1              1
merge             1              1              1
pdfs              8              1              1
perfs            16              1              1
preds            16              1              1
train             4              4              4
total            49              1              4

Select jobs to execute...

[Tue Apr  4 16:20:01 2023]
rule train:
    input: ../resources/transf/pulses/train0.npy, ../resources/transf/pulses/train1.npy, ../resources/transf/annots/train0.npy, ../resources/transf/annots/train1.npy
    output: ../results/models/CNN.pth, ../results/val_loss/CNN.csv
    log: logs/train/CNN.log
    jobid: 20
    reason: Missing output files: ../results/models/CNN.pth, ../results/val_loss/CNN.csv
    wildcards: nn=CNN
    threads: 4
    resources: tmpdir=C:\Users\DoL\AppData\Local\Temp

[Tue Apr  4 16:20:01 2023]
rule train:
    input: ../resources/transf/pulses/train0.npy, ../resources/transf/pulses/train1.npy, ../resources/transf/annots/train0.npy, ../resources/transf/annots/train1.npy
    output: ../results/models/LSTM.pth, ../results/val_loss/LSTM.csv
    log: logs/train/LSTM.log
    jobid: 14
    reason: Missing output files: ../results/models/LSTM.pth, ../results/val_loss/LSTM.csv
    wildcards: nn=LSTM
    threads: 4
    resources: tmpdir=C:\Users\DoL\AppData\Local\Temp

[Tue Apr  4 16:20:01 2023]
Error in rule train:
    jobid: 20
    input: ../resources/transf/pulses/train0.npy, ../resources/transf/pulses/train1.npy, ../resources/transf/annots/train0.npy, ../resources/transf/annots/train1.npy
    output: ../results/models/CNN.pth, ../results/val_loss/CNN.csv
    log: logs/train/CNN.log (check log file(s) for error details)
    conda-env: C:\Users\DoL\Desktop\local_repos\git_strasbourg\git_strasbourg\pipeline\workflow\.snakemake\conda\666d396a3f3d042a5ba08abd88119a5e_

[Tue Apr  4 16:20:01 2023]
Error in rule train:
    jobid: 14
    input: ../resources/transf/pulses/train0.npy, ../resources/transf/pulses/train1.npy, ../resources/transf/annots/train0.npy, ../resources/transf/annots/train1.npy
    output: ../results/models/LSTM.pth, ../results/val_loss/LSTM.csv
    log: logs/train/LSTM.log (check log file(s) for error details)
    conda-env: C:\Users\DoL\Desktop\local_repos\git_strasbourg\git_strasbourg\pipeline\workflow\.snakemake\conda\666d396a3f3d042a5ba08abd88119a5e_

Shutting down, this might take some time.
Exiting because a job execution failed. Look above for error message
Complete log: .snakemake\log\2023-04-04T162001.524980.snakemake.log
